<?xml version="1.0" encoding="utf-8"?><testsuites><testsuite name="pytest" errors="0" failures="0" skipped="0" tests="3" time="0.957" timestamp="2024-07-04T14:57:02.245298" hostname="2600"><testcase classname="tests.test_turing" name="test_turing_machine_double_1" time="0.090" /><testcase classname="tests.test_turing" name="test_turing_machine_add_two_binary_numbers" time="0.208" /><testcase classname="tests.test_turing" name="test_turing_machine_binary_multiplication" time="0.207" /></testsuite></testsuites>